<?xml version="1.0" encoding="UTF-8"?>
<testng-results ignored="0" total="1" passed="1" failed="0" skipped="0">
  <reporter-output>
  </reporter-output>
  <suite started-at="2023-01-14T17:51:11Z" name="Default suite" finished-at="2023-01-14T17:51:16Z" duration-ms="4320">
    <groups>
    </groups>
    <test started-at="2023-01-14T17:51:11Z" name="Default test" finished-at="2023-01-14T17:51:16Z" duration-ms="4320">
      <class name="com.google.qa.FirstTest">
        <test-method signature="f()[pri:0, instance:com.google.qa.FirstTest@43b9fd5]" started-at="2023-01-14T17:51:11Z" name="f" finished-at="2023-01-14T17:51:16Z" duration-ms="4307" status="PASS">
          <reporter-output>
          </reporter-output>
        </test-method> <!-- f -->
      </class> <!-- com.google.qa.FirstTest -->
    </test> <!-- Default test -->
  </suite> <!-- Default suite -->
</testng-results>
